2018-08-16 12:27:16  [ main:1269 ] - [ INFO ]  bookID:25918284556	bookPrice:294.00	bookName:东野圭吾加贺探案集系列 1-10【套装10册】红手指+毕业+麒麟之翼+新参者+恶意书，，图书
2018-08-16 12:27:16  [ main:1271 ] - [ INFO ]  bookID:23404543164	bookPrice:58.00	bookName:珍藏版完整无删减 福尔摩斯探案全集 柯南道尔著侦探悬疑推理小说世界名著青少年课外读物畅销书
2018-08-16 12:27:16  [ main:1271 ] - [ INFO ]  bookID:19434321770	bookPrice:49.80	bookName:【包邮10册】 福尔摩斯探案集全集 全译本无删减成人版 柯南道尔 侦探悬疑推理恐怖小说书籍
2018-08-16 12:27:16  [ main:1271 ] - [ INFO ]  bookID:12264339	bookPrice:33.80	bookName:400个经典侦探推理游戏（逻辑思维训练专家全力打造，突破你的思维瓶颈······）
2018-08-16 12:27:16  [ main:1271 ] - [ INFO ]  bookID:11775154	bookPrice:58.80	bookName:福尔摩斯探案全集（套装共3册 完整修订全译本）
2018-08-16 12:27:16  [ main:1271 ] - [ INFO ]  bookID:11252527698	bookPrice:56.00	bookName:正版 罪案现场3全集 罪案现场 你所不知道的刑侦全3册 徐龙震 侦探推理悬疑小说书籍
2018-08-16 12:27:16  [ main:1271 ] - [ INFO ]  bookID:11324899	bookPrice:17.50	bookName:世界上最离奇的100个侦探推理故事
2018-08-16 12:27:16  [ main:1271 ] - [ INFO ]  bookID:12102776	bookPrice:31.50	bookName:东野圭吾：浪花少年侦探团
2018-08-16 12:27:16  [ main:1271 ] - [ INFO ]  bookID:10415116696	bookPrice:36.80	bookName:福尔摩斯全集 套装10册 7-14岁青少年图书 侦探悬疑推理小说读物 中小学生课外书籍
2018-08-16 12:27:16  [ main:1271 ] - [ INFO ]  bookID:29471920905	bookPrice:48.80	bookName:福尔摩斯探案全集大侦探福尔摩斯侦探小说青少年悬疑小说书籍柯南道尔 小说（6册）
2018-08-16 12:27:16  [ main:1271 ] - [ INFO ]  bookID:27827806883	bookPrice:174.80	bookName:正版包邮 十宗罪全套7册 前传+123456 蜘蛛著 惊悚悬疑侦探推理搭同类型白夜追凶小说
2018-08-16 12:27:16  [ main:1271 ] - [ INFO ]  bookID:18798939967	bookPrice:114.00	bookName:东野圭吾套装四册 白马山庄杀人事件+怪人们+没有凶手的杀人夜+梦回都灵 侦探悬疑推理小说 新华书店
2018-08-16 12:27:16  [ main:1272 ] - [ INFO ]  bookID:10374186503	bookPrice:43.00	bookName:福尔摩斯探案集全集（套装10册）永久珍藏版 全译本 世界经典名著 课外阅读 柯南 道尔
2018-08-16 12:27:16  [ main:1272 ] - [ INFO ]  bookID:10122283504	bookPrice:128.00	bookName:正版包邮 福尔摩斯探案全集(珍藏版) 1-8 全8册 6-12岁儿童大侦探推理悬疑校园小说
2018-08-16 12:27:16  [ main:1272 ] - [ INFO ]  bookID:1631711764	bookPrice:24.80	bookName:福尔摩斯探案集全集10册四五六三年级课外书应读故事书 中小学生儿童读物文学侦探推理悬疑小说
2018-08-16 12:27:16  [ main:1272 ] - [ INFO ]  bookID:27025120112	bookPrice:27.00	bookName:【包邮】守夜者2 黑暗潜能 法医秦明系列守夜者 惊悚恐怖 侦探悬疑推理小说 尸语者 幸存者
2018-08-16 12:27:16  [ main:1272 ] - [ INFO ]  bookID:1303782487	bookPrice:27.30	bookName:解忧杂货店 (日)东野圭吾巅峰之作 继白夜行后又一力作解忧杂货店 侦探悬疑推理小说经典
2018-08-16 12:27:16  [ main:1272 ] - [ INFO ]  bookID:11732611	bookPrice:28.80	bookName:东野圭吾:侦探俱乐部(2015版)
2018-08-16 12:27:16  [ main:1272 ] - [ INFO ]  bookID:25380112119	bookPrice:74.88	bookName:假面前夜+假面饭店+假面山庄（假面全3册）东野圭吾 假面系列套装 悬疑推理侦探科幻小说
2018-08-16 12:27:16  [ main:1272 ] - [ INFO ]  bookID:10340242048	bookPrice:89.04	bookName:S.忒休斯之船 现货包邮 希修斯之船 亚伯拉罕希修斯之船 中文版 侦探推理外国小说
2018-08-16 12:27:16  [ main:1272 ] - [ INFO ]  bookID:12051149	bookPrice:26.10	bookName:谋杀鉴赏
2018-08-16 12:27:16  [ main:1272 ] - [ INFO ]  bookID:12696500018	bookPrice:21.90	bookName:拉普拉斯的魔女 东野圭吾 继白夜行解忧杂货店后又一巨作侦探悬疑推理外国小说 人性实验室
2018-08-16 12:27:16  [ main:1272 ] - [ INFO ]  bookID:30499638224	bookPrice:45.00	bookName:沙海（荒沙诡影+沙蟒蛇巢）典藏纪念版共两册 南派三叔盗墓笔记后传 侦探推理小说
2018-08-16 12:27:16  [ main:1272 ] - [ INFO ]  bookID:26869947917	bookPrice:89.80	bookName:正版 阿加莎克里斯蒂系列全套全集5册 无人生还罗杰疑案尼罗河上的惨案东方快车ABC谋杀案侦探推理小说
2018-08-16 12:27:16  [ main:1273 ] - [ INFO ]  bookID:28936241690	bookPrice:37.80	bookName:正版包邮 十宗罪 蜘蛛 惊悚悬侦探推理悬疑小说 十宗罪6
2018-08-16 12:27:16  [ main:1273 ] - [ INFO ]  bookID:1781891587	bookPrice:23.60	bookName:世界经典推理小说 侦探推理思维逻辑 悬疑推理类书籍
2018-08-16 12:27:16  [ main:1273 ] - [ INFO ]  bookID:13107674416	bookPrice:27.65	bookName:恶意 日本侦探悬疑推理小说畅销书籍 东野圭吾四大杰作之一解忧杂货店 白夜行 嫌疑人X献身
2018-08-16 12:27:16  [ main:1273 ] - [ INFO ]  bookID:23479531617	bookPrice:68.00	bookName:福尔摩斯探案全集精装16开全4册珍藏版 青少版侦探推理小说神探夏洛克福尔摩斯探推
2018-08-16 12:27:16  [ main:1273 ] - [ INFO ]  bookID:12443652546	bookPrice:380.00	bookName:下单立减，盗墓笔记全套【套装13册】盗墓笔记+沙海+藏海花+黄河鬼棺全集南派三叔小说全集 悬疑小说
2018-08-16 12:27:16  [ main:1273 ] - [ INFO ]  bookID:12700054605	bookPrice:31.50	bookName:圣女的救济 东野圭吾作品集 日本悬疑推理侦探小说圣女的救济 嫌疑人X的献身白夜行解忧杂货
